playback-debug.ts:23 [mc-playback 13:56:14.569] applyImmediateChangeVideo {id: 'rkpG4XApJ28', publisherClientId: '1b4e2f09-3242-4bb9-8aca-dadfd39e6719'}
playback-debug.ts:23 [mc-playback 13:56:14.570] scheduleAutoPlay: wait (YT.Player not ready) {elapsedMs: 0}
playback-debug.ts:23 [mc-playback 13:56:14.570] scheduleAutoPlay: start polling {pollMs: 50}
playback-debug.ts:23 [mc-playback 13:56:14.623] scheduleAutoPlay: wait (YT.Player not ready) {elapsedMs: 53}
playback-debug.ts:23 [mc-playback 13:56:14.671] YT: creating Player {id: 'yt-player-r0', videoId: 'rkpG4XApJ28'}
playback-debug.ts:23 [mc-playback 13:56:14.700] scheduleAutoPlay: wait (YT.Player not ready) {elapsedMs: 130}
playback-debug.ts:23 [mc-playback 13:56:14.724] scheduleAutoPlay: wait (YT.Player not ready) {elapsedMs: 154}
playback-debug.ts:23 [mc-playback 13:56:14.751] ably: skip self echo changeVideo {videoId: 'rkpG4XApJ28'}
playback-debug.ts:23 [mc-playback 13:56:14.774] scheduleAutoPlay: wait (YT.Player not ready) {elapsedMs: 204}
playback-debug.ts:23 [mc-playback 13:56:14.824] scheduleAutoPlay: wait (YT.Player not ready) {elapsedMs: 254}
playback-debug.ts:23 [mc-playback 13:56:14.874] scheduleAutoPlay: wait (YT.Player not ready) {elapsedMs: 304}
playback-debug.ts:23 [mc-playback 13:56:14.923] scheduleAutoPlay: wait (YT.Player not ready) {elapsedMs: 353}
playback-debug.ts:23 [mc-playback 13:56:14.974] scheduleAutoPlay: wait (YT.Player not ready) {elapsedMs: 404}
playback-debug.ts:23 [mc-playback 13:56:15.023] scheduleAutoPlay: wait (YT.Player not ready) {elapsedMs: 453}
playback-debug.ts:23 [mc-playback 13:56:15.071] scheduleAutoPlay: wait (YT.Player not ready) {elapsedMs: 501}
playback-debug.ts:23 [mc-playback 13:56:15.123] scheduleAutoPlay: wait (YT.Player not ready) {elapsedMs: 553}
playback-debug.ts:23 [mc-playback 13:56:15.176] scheduleAutoPlay: wait (YT.Player not ready) {elapsedMs: 606}
playback-debug.ts:23 [mc-playback 13:56:15.221] scheduleAutoPlay: wait (YT.Player not ready) {elapsedMs: 651}
playback-debug.ts:23 [mc-playback 13:56:15.275] scheduleAutoPlay: wait (YT.Player not ready) {elapsedMs: 705}
playback-debug.ts:23 [mc-playback 13:56:15.324] scheduleAutoPlay: wait (YT.Player not ready) {elapsedMs: 754}
playback-debug.ts:23 [mc-playback 13:56:15.371] scheduleAutoPlay: wait (YT.Player not ready) {elapsedMs: 801}
playback-debug.ts:23 [mc-playback 13:56:15.424] scheduleAutoPlay: wait (YT.Player not ready) {elapsedMs: 854}
playback-debug.ts:23 [mc-playback 13:56:15.474] scheduleAutoPlay: wait (YT.Player not ready) {elapsedMs: 904}
playback-debug.ts:23 [mc-playback 13:56:15.521] scheduleAutoPlay: wait (YT.Player not ready) {elapsedMs: 951}
playback-debug.ts:23 [mc-playback 13:56:15.575] scheduleAutoPlay: wait (YT.Player not ready) {elapsedMs: 1005}
playback-debug.ts:23 [mc-playback 13:56:15.624] scheduleAutoPlay: wait (YT.Player not ready) {elapsedMs: 1054}
playback-debug.ts:23 [mc-playback 13:56:15.675] scheduleAutoPlay: wait (YT.Player not ready) {elapsedMs: 1105}
playback-debug.ts:23 [mc-playback 13:56:15.724] scheduleAutoPlay: wait (YT.Player not ready) {elapsedMs: 1154}
playback-debug.ts:23 [mc-playback 13:56:15.774] scheduleAutoPlay: wait (YT.Player not ready) {elapsedMs: 1204}
playback-debug.ts:23 [mc-playback 13:56:15.824] scheduleAutoPlay: wait (YT.Player not ready) {elapsedMs: 1254}
playback-debug.ts:23 [mc-playback 13:56:15.840] YT: onReady {videoId: 'rkpG4XApJ28'}
playback-debug.ts:23 [mc-playback 13:56:15.871] scheduleAutoPlay: seekTo(0) + playVideo() {ytState: 5}
playback-debug.ts:23 [mc-playback 13:56:15.977] YT: onStateChange {state: -1, t: 0, videoId: 'rkpG4XApJ28'}
playback-debug.ts:23 [mc-playback 13:56:15.993] YT: onStateChange {state: 3, t: 0, videoId: 'rkpG4XApJ28'}
playback-debug.ts:23 [mc-playback 13:56:15.994] YT: onStateChange {state: -1, t: 0, videoId: 'rkpG4XApJ28'}
playback-debug.ts:23 [mc-playback 13:56:16.051] ably: apply self echo play (retry path) {st: -1, currentTime: 0}
playback-debug.ts:23 [mc-playback 13:56:17.182] YT: onStateChange {state: 3, t: 0, videoId: 'rkpG4XApJ28'}
playback-debug.ts:23 [mc-playback 13:56:17.359] YT: onStateChange {state: 1, t: 0.04554992752075195, videoId: 'rkpG4XApJ28'}
