playback-debug.ts:23 [mc-playback 13:02:46.796] applyImmediateChangeVideo {id: '6p-lDYPR2P8', publisherClientId: '1b4e2f09-3242-4bb9-8aca-dadfd39e6719'}
playback-debug.ts:23 [mc-playback 13:02:46.797] scheduleAutoPlay: wait (YT.Player not ready) {elapsedMs: 1}
playback-debug.ts:23 [mc-playback 13:02:46.797] scheduleAutoPlay: start polling {pollMs: 50}
playback-debug.ts:23 [mc-playback 13:02:46.960] scheduleAutoPlay: wait (YT.Player not ready) {elapsedMs: 164}
playback-debug.ts:23 [mc-playback 13:02:47.003] scheduleAutoPlay: wait (YT.Player not ready) {elapsedMs: 207}
playback-debug.ts:23 [mc-playback 13:02:47.038] YT: creating Player {id: 'yt-player-r0', videoId: '6p-lDYPR2P8'}
playback-debug.ts:23 [mc-playback 13:02:47.059] YT: creating Player {id: 'yt-player-r1', videoId: '6p-lDYPR2P8'}
playback-debug.ts:23 [mc-playback 13:02:47.079] scheduleAutoPlay: wait (YT.Player not ready) {elapsedMs: 283}
playback-debug.ts:23 [mc-playback 13:02:47.104] scheduleAutoPlay: wait (YT.Player not ready) {elapsedMs: 308}
playback-debug.ts:23 [mc-playback 13:02:47.131] ably: skip self echo changeVideo {videoId: '6p-lDYPR2P8'}
playback-debug.ts:23 [mc-playback 13:02:47.153] scheduleAutoPlay: wait (YT.Player not ready) {elapsedMs: 357}
playback-debug.ts:23 [mc-playback 13:02:47.204] scheduleAutoPlay: wait (YT.Player not ready) {elapsedMs: 408}
playback-debug.ts:23 [mc-playback 13:02:47.247] scheduleAutoPlay: wait (YT.Player not ready) {elapsedMs: 451}
playback-debug.ts:23 [mc-playback 13:02:47.298] scheduleAutoPlay: wait (YT.Player not ready) {elapsedMs: 502}
playback-debug.ts:23 [mc-playback 13:02:47.353] scheduleAutoPlay: wait (YT.Player not ready) {elapsedMs: 557}
playback-debug.ts:23 [mc-playback 13:02:47.397] scheduleAutoPlay: wait (YT.Player not ready) {elapsedMs: 601}
playback-debug.ts:23 [mc-playback 13:02:47.449] scheduleAutoPlay: wait (YT.Player not ready) {elapsedMs: 653}
playback-debug.ts:23 [mc-playback 13:02:47.499] scheduleAutoPlay: wait (YT.Player not ready) {elapsedMs: 703}
playback-debug.ts:23 [mc-playback 13:02:47.548] scheduleAutoPlay: wait (YT.Player not ready) {elapsedMs: 752}
playback-debug.ts:23 [mc-playback 13:02:47.606] scheduleAutoPlay: wait (YT.Player not ready) {elapsedMs: 810}
playback-debug.ts:23 [mc-playback 13:02:47.650] scheduleAutoPlay: wait (YT.Player not ready) {elapsedMs: 854}
playback-debug.ts:23 [mc-playback 13:02:47.701] scheduleAutoPlay: wait (YT.Player not ready) {elapsedMs: 905}
playback-debug.ts:23 [mc-playback 13:02:47.749] scheduleAutoPlay: wait (YT.Player not ready) {elapsedMs: 953}
playback-debug.ts:23 [mc-playback 13:02:47.801] scheduleAutoPlay: wait (YT.Player not ready) {elapsedMs: 1005}
playback-debug.ts:23 [mc-playback 13:02:47.857] scheduleAutoPlay: wait (YT.Player not ready) {elapsedMs: 1061}
playback-debug.ts:23 [mc-playback 13:02:47.903] scheduleAutoPlay: wait (YT.Player not ready) {elapsedMs: 1107}
playback-debug.ts:23 [mc-playback 13:02:47.950] scheduleAutoPlay: wait (YT.Player not ready) {elapsedMs: 1154}
playback-debug.ts:23 [mc-playback 13:02:48.131] scheduleAutoPlay: wait (YT.Player not ready) {elapsedMs: 1335}
playback-debug.ts:23 [mc-playback 13:02:48.148] scheduleAutoPlay: wait (YT.Player not ready) {elapsedMs: 1352}
playback-debug.ts:23 [mc-playback 13:02:48.200] scheduleAutoPlay: wait (YT.Player not ready) {elapsedMs: 1404}
playback-debug.ts:23 [mc-playback 13:02:48.249] scheduleAutoPlay: wait (YT.Player not ready) {elapsedMs: 1453}
playback-debug.ts:23 [mc-playback 13:02:48.300] scheduleAutoPlay: wait (YT.Player not ready) {elapsedMs: 1504}
playback-debug.ts:23 [mc-playback 13:02:48.351] scheduleAutoPlay: wait (YT.Player not ready) {elapsedMs: 1555}
playback-debug.ts:23 [mc-playback 13:02:48.400] scheduleAutoPlay: wait (YT.Player not ready) {elapsedMs: 1604}
playback-debug.ts:23 [mc-playback 13:02:48.449] scheduleAutoPlay: wait (YT.Player not ready) {elapsedMs: 1653}
playback-debug.ts:23 [mc-playback 13:02:48.462] YT: onReady {videoId: '6p-lDYPR2P8'}
playback-debug.ts:23 [mc-playback 13:02:48.498] scheduleAutoPlay: wait (YT.Player not ready) {elapsedMs: 1702}
playback-debug.ts:23 [mc-playback 13:02:48.550] scheduleAutoPlay: wait (YT.Player not ready) {elapsedMs: 1754}
playback-debug.ts:23 [mc-playback 13:02:48.597] scheduleAutoPlay: wait (YT.Player not ready) {elapsedMs: 1801}
playback-debug.ts:23 [mc-playback 13:02:48.600] YT: onReady {videoId: '6p-lDYPR2P8'}
playback-debug.ts:23 [mc-playback 13:02:48.661] scheduleAutoPlay: seekTo(0) + playVideo() {ytState: 5}
playback-debug.ts:23 [mc-playback 13:02:48.885] YT: onStateChange {state: -1, t: 0, videoId: '6p-lDYPR2P8'}
playback-debug.ts:23 [mc-playback 13:02:48.886] YT: onStateChange {state: 3, t: 0, videoId: '6p-lDYPR2P8'}
playback-debug.ts:23 [mc-playback 13:02:48.886] YT: onStateChange {state: -1, t: 0, videoId: '6p-lDYPR2P8'}
playback-debug.ts:23 [mc-playback 13:02:48.887] ably: apply self echo play (retry path) {st: -1, currentTime: 0}
playback-debug.ts:23 [mc-playback 13:02:49.280] YT: onStateChange {state: 3, t: 0, videoId: '6p-lDYPR2P8'}
playback-debug.ts:23 [mc-playback 13:02:49.711] YT: onStateChange {state: 1, t: 0.23193192752075195, videoId: '6p-lDYPR2P8'}
