BlockingPageContent.js:2  action SET_STORAGE_DATA @ 08:27:12.940
BlockingPageContent.js:2  prev state Object
BlockingPageContent.js:2  action     Object
BlockingPageContent.js:2  next state Object
NotificationContent.js:2  action SET_LOCALE @ 08:27:12.946
NotificationContent.js:2  prev state Object
NotificationContent.js:2  action     Object
NotificationContent.js:2  next state Object
NotificationContent.js:2  action SET_STORAGE_DATA @ 08:27:12.947
NotificationContent.js:2  prev state Object
NotificationContent.js:2  action     Object
NotificationContent.js:2  next state Object
TISProUrlManualScannerLib.js:1 mouseenter href = https://www.youtube.com/watch?v=ofA3URC1wyk
02:1 Access to fetch at 'https://xs867261.xsrv.jp/data/data/artists/all-for-love.json' from origin 'https://www.musicai.jp' has been blocked by CORS policy: No 'Access-Control-Allow-Origin' header is present on the requested resource.
xs867261.xsrv.jp/data/data/artists/all-for-love.json:1  Failed to load resource: net::ERR_FAILED
02:1 Access to fetch at 'https://xs867261.xsrv.jp/data/data/songs/all-for-love_sting.json' from origin 'https://www.musicai.jp' has been blocked by CORS policy: No 'Access-Control-Allow-Origin' header is present on the requested resource.
xs867261.xsrv.jp/data/data/songs/all-for-love_sting.json:1  Failed to load resource: net::ERR_FAILED
02:1 Access to fetch at 'https://xs867261.xsrv.jp/data/data/artists/all-for-love/1.json' from origin 'https://www.musicai.jp' has been blocked by CORS policy: No 'Access-Control-Allow-Origin' header is present on the requested resource.
xs867261.xsrv.jp/data/data/artists/all-for-love/1.json:1  Failed to load resource: net::ERR_FAILED
02:1 Access to fetch at 'https://xs867261.xsrv.jp/data/data/artists/all-for-love/2.json' from origin 'https://www.musicai.jp' has been blocked by CORS policy: No 'Access-Control-Allow-Origin' header is present on the requested resource.
xs867261.xsrv.jp/data/data/artists/all-for-love/2.json:1  Failed to load resource: net::ERR_FAILED
02:1 Access to fetch at 'https://xs867261.xsrv.jp/data/data/artists/all-for-love/3.json' from origin 'https://www.musicai.jp' has been blocked by CORS policy: No 'Access-Control-Allow-Origin' header is present on the requested resource.
xs867261.xsrv.jp/data/data/artists/all-for-love/3.json:1  Failed to load resource: net::ERR_FAILED
02:1 Access to fetch at 'https://xs867261.xsrv.jp/data/data/artists/all-for-love/4.json' from origin 'https://www.musicai.jp' has been blocked by CORS policy: No 'Access-Control-Allow-Origin' header is present on the requested resource.
xs867261.xsrv.jp/data/data/artists/all-for-love/4.json:1  Failed to load resource: net::ERR_FAILED
02:1 Access to fetch at 'https://xs867261.xsrv.jp/data/data/artists/all-for-love/5.json' from origin 'https://www.musicai.jp' has been blocked by CORS policy: No 'Access-Control-Allow-Origin' header is present on the requested resource.
xs867261.xsrv.jp/data/data/artists/all-for-love/5.json:1  Failed to load resource: net::ERR_FAILED
02:1 Access to fetch at 'https://xs867261.xsrv.jp/data/data/artists/all-for-love/6.json' from origin 'https://www.musicai.jp' has been blocked by CORS policy: No 'Access-Control-Allow-Origin' header is present on the requested resource.
xs867261.xsrv.jp/data/data/artists/all-for-love/6.json:1  Failed to load resource: net::ERR_FAILED
